<?xml version="1.0" encoding="utf-8"?><testsuites name="pytest tests"><testsuite name="pytest" errors="0" failures="0" skipped="0" tests="29" time="2.955" timestamp="2026-06-20T20:51:46.420426+00:00" hostname="agent-env-ccae2edb-b0b5-4d77-b07e-282878d094fe"><testcase classname="backend.tests.test_clientes_servicos_api.TestSeedState" name="test_five_clientes_seeded" time="0.232" /><testcase classname="backend.tests.test_clientes_servicos_api.TestSeedState" name="test_thirteen_servicos_seeded" time="0.044" /><testcase classname="backend.tests.test_clientes_servicos_api.TestSeedState" name="test_historical_orcamentos_total" time="0.046" /><testcase classname="backend.tests.test_clientes_servicos_api.TestSeedState" name="test_next_number_after_import" time="0.043" /><testcase classname="backend.tests.test_clientes_servicos_api.TestClientesCRUD" name="test_create_cliente" time="0.047" /><testcase classname="backend.tests.test_clientes_servicos_api.TestClientesCRUD" name="test_get_cliente_via_list" time="0.043" /><testcase classname="backend.tests.test_clientes_servicos_api.TestClientesCRUD" name="test_update_cliente" time="0.090" /><testcase classname="backend.tests.test_clientes_servicos_api.TestClientesCRUD" name="test_delete_cliente" time="0.093" /><testcase classname="backend.tests.test_clientes_servicos_api.TestClientesCRUD" name="test_delete_404" time="0.045" /><testcase classname="backend.tests.test_clientes_servicos_api.TestServicosCRUD" name="test_create_servico" time="0.046" /><testcase classname="backend.tests.test_clientes_servicos_api.TestServicosCRUD" name="test_update_servico" time="0.047" /><testcase classname="backend.tests.test_clientes_servicos_api.TestServicosCRUD" name="test_delete_servico" time="0.044" /><testcase classname="backend.tests.test_clientes_servicos_api.TestAutoRecord" name="test_create_with_new_cliente_and_servico" time="0.047" /><testcase classname="backend.tests.test_clientes_servicos_api.TestAutoRecord" name="test_cliente_auto_recorded" time="0.044" /><testcase classname="backend.tests.test_clientes_servicos_api.TestAutoRecord" name="test_servico_auto_recorded_with_uso_count" time="0.044" /><testcase classname="backend.tests.test_clientes_servicos_api.TestAutoRecord" name="test_create_again_increments_uso" time="0.200" /><testcase classname="backend.tests.test_clientes_servicos_api.TestAutoRecord" name="test_cleanup" time="0.259" /><testcase classname="backend.tests.test_clientes_servicos_api.TestImport" name="test_import_idempotent_skip_existing" time="0.044" /><testcase classname="backend.tests.test_clientes_servicos_api.TestImport" name="test_import_new_numero_then_cleanup" time="0.307" /><testcase classname="backend.tests.test_orcamentos_api.TestCompany" name="test_get_company_seeded" time="0.149" /><testcase classname="backend.tests.test_orcamentos_api.TestCompany" name="test_put_company_update_and_revert" time="0.287" /><testcase classname="backend.tests.test_orcamentos_api.TestOrcamentos" name="test_next_number_format" time="0.082" /><testcase classname="backend.tests.test_orcamentos_api.TestOrcamentos" name="test_create_orcamento_computes_totals" time="0.045" /><testcase classname="backend.tests.test_orcamentos_api.TestOrcamentos" name="test_list_sorted_desc" time="0.042" /><testcase classname="backend.tests.test_orcamentos_api.TestOrcamentos" name="test_get_single" time="0.082" /><testcase classname="backend.tests.test_orcamentos_api.TestOrcamentos" name="test_patch_status_and_items" time="0.044" /><testcase classname="backend.tests.test_orcamentos_api.TestOrcamentos" name="test_sequential_numero" time="0.167" /><testcase classname="backend.tests.test_orcamentos_api.TestOrcamentos" name="test_delete" time="0.149" /><testcase classname="backend.tests.test_orcamentos_api.TestOrcamentos" name="test_get_404" time="0.047" /></testsuite></testsuites>