<?xml version="1.0" encoding="utf-8"?><testsuites name="pytest tests"><testsuite name="pytest" errors="0" failures="0" skipped="0" tests="10" time="1.304" timestamp="2026-06-20T20:29:18.931420+00:00" hostname="agent-env-ccae2edb-b0b5-4d77-b07e-282878d094fe"><testcase classname="backend.tests.test_orcamentos_api.TestCompany" name="test_get_company_seeded" time="0.313" /><testcase classname="backend.tests.test_orcamentos_api.TestCompany" name="test_put_company_update_and_revert" time="0.257" /><testcase classname="backend.tests.test_orcamentos_api.TestOrcamentos" name="test_next_number_format" time="0.042" /><testcase classname="backend.tests.test_orcamentos_api.TestOrcamentos" name="test_create_orcamento_computes_totals" time="0.044" /><testcase classname="backend.tests.test_orcamentos_api.TestOrcamentos" name="test_list_sorted_desc" time="0.041" /><testcase classname="backend.tests.test_orcamentos_api.TestOrcamentos" name="test_get_single" time="0.042" /><testcase classname="backend.tests.test_orcamentos_api.TestOrcamentos" name="test_patch_status_and_items" time="0.042" /><testcase classname="backend.tests.test_orcamentos_api.TestOrcamentos" name="test_sequential_numero" time="0.205" /><testcase classname="backend.tests.test_orcamentos_api.TestOrcamentos" name="test_delete" time="0.161" /><testcase classname="backend.tests.test_orcamentos_api.TestOrcamentos" name="test_get_404" time="0.082" /></testsuite></testsuites>